<?xml version="1.0" encoding="UTF-8"?>
<!-- Generated by org.testng.reporters.JUnitReportReporter -->
<testsuite skipped="0" hostname="kartikey" name="demo.Devops_Sample1" tests="1" failures="0" timestamp="2022-05-28T20:11:16 IST" time="14.994" errors="0">
  <testcase name="test" time="14.994" classname="demo.Devops_Sample1"/>
</testsuite> <!-- demo.Devops_Sample1 -->
